Performing C SOURCE FILE Test CMAKE_HAVE_LIBC_PTHREAD failed with the following output:
Change Dir: C:/Users/Håkon/source/repos/Grafikk prosjekt/TDT4230-Assignment-1/out/build/x64-Debug/CMakeFiles/CMakeScratch/TryCompile-meifs9

Run Build Command(s):C:/Program Files/Microsoft Visual Studio/2022/Community/Common7/IDE/CommonExtensions/Microsoft/CMake/Ninja/ninja.exe cmTC_20b5e && [1/2] Building C object CMakeFiles\cmTC_20b5e.dir\src.c.obj
FAILED: CMakeFiles/cmTC_20b5e.dir/src.c.obj 
C:\PROGRA~1\MIB055~1\2022\COMMUN~1\VC\Tools\MSVC\1435~1.322\bin\Hostx64\x64\cl.exe  /nologo -DCMAKE_HAVE_LIBC_PTHREAD  /DWIN32 /D_WINDOWS /W3  /MDd /Zi /Ob0 /Od /RTC1 /showIncludes /FoCMakeFiles\cmTC_20b5e.dir\src.c.obj /FdCMakeFiles\cmTC_20b5e.dir\ /FS -c "C:\Users\Håkon\source\repos\Grafikk prosjekt\TDT4230-Assignment-1\out\build\x64-Debug\CMakeFiles\CMakeScratch\TryCompile-meifs9\src.c"
C:\Users\Håkon\source\repos\Grafikk prosjekt\TDT4230-Assignment-1\out\build\x64-Debug\CMakeFiles\CMakeScratch\TryCompile-meifs9\src.c(1): fatal error C1083: Cannot open include file: 'pthread.h': No such file or directory
ninja: build stopped: subcommand failed.


Source file was:
#include <pthread.h>

static void* test_func(void* data)
{
  return data;
}

int main(void)
{
  pthread_t thread;
  pthread_create(&thread, NULL, test_func, NULL);
  pthread_detach(thread);
  pthread_cancel(thread);
  pthread_join(thread, NULL);
  pthread_atfork(NULL, NULL, NULL);
  pthread_exit(NULL);

  return 0;
}


Determining if the function pthread_create exists in the pthreads failed with the following output:
Change Dir: C:/Users/Håkon/source/repos/Grafikk prosjekt/TDT4230-Assignment-1/out/build/x64-Debug/CMakeFiles/CMakeScratch/TryCompile-afxark

Run Build Command(s):C:/Program Files/Microsoft Visual Studio/2022/Community/Common7/IDE/CommonExtensions/Microsoft/CMake/Ninja/ninja.exe cmTC_b2109 && [1/2] Building C object CMakeFiles\cmTC_b2109.dir\CheckFunctionExists.c.obj
[2/2] Linking C executable cmTC_b2109.exe
FAILED: cmTC_b2109.exe 
cmd.exe /C "cd . && "C:\Program Files\Microsoft Visual Studio\2022\Community\Common7\IDE\CommonExtensions\Microsoft\CMake\CMake\bin\cmake.exe" -E vs_link_exe --intdir=CMakeFiles\cmTC_b2109.dir --rc=C:\PROGRA~2\WI3CF2~1\10\bin\100220~1.0\x64\rc.exe --mt=C:\PROGRA~2\WI3CF2~1\10\bin\100220~1.0\x64\mt.exe --manifests  -- C:\PROGRA~1\MIB055~1\2022\COMMUN~1\VC\Tools\MSVC\1435~1.322\bin\Hostx64\x64\link.exe /nologo CMakeFiles\cmTC_b2109.dir\CheckFunctionExists.c.obj  /out:cmTC_b2109.exe /implib:cmTC_b2109.lib /pdb:cmTC_b2109.pdb /version:0.0 /machine:x64  /debug /INCREMENTAL /subsystem:console  pthreads.lib  kernel32.lib user32.lib gdi32.lib winspool.lib shell32.lib ole32.lib oleaut32.lib uuid.lib comdlg32.lib advapi32.lib && cd ."
LINK Pass 1: command "C:\PROGRA~1\MIB055~1\2022\COMMUN~1\VC\Tools\MSVC\1435~1.322\bin\Hostx64\x64\link.exe /nologo CMakeFiles\cmTC_b2109.dir\CheckFunctionExists.c.obj /out:cmTC_b2109.exe /implib:cmTC_b2109.lib /pdb:cmTC_b2109.pdb /version:0.0 /machine:x64 /debug /INCREMENTAL /subsystem:console pthreads.lib kernel32.lib user32.lib gdi32.lib winspool.lib shell32.lib ole32.lib oleaut32.lib uuid.lib comdlg32.lib advapi32.lib /MANIFEST /MANIFESTFILE:CMakeFiles\cmTC_b2109.dir/intermediate.manifest CMakeFiles\cmTC_b2109.dir/manifest.res" failed (exit code 1104) with the following output:
LINK : fatal error LNK1104: cannot open file 'pthreads.lib'
ninja: build stopped: subcommand failed.



Determining if the function pthread_create exists in the pthread failed with the following output:
Change Dir: C:/Users/Håkon/source/repos/Grafikk prosjekt/TDT4230-Assignment-1/out/build/x64-Debug/CMakeFiles/CMakeScratch/TryCompile-ocjo9l

Run Build Command(s):C:/Program Files/Microsoft Visual Studio/2022/Community/Common7/IDE/CommonExtensions/Microsoft/CMake/Ninja/ninja.exe cmTC_f6522 && [1/2] Building C object CMakeFiles\cmTC_f6522.dir\CheckFunctionExists.c.obj
[2/2] Linking C executable cmTC_f6522.exe
FAILED: cmTC_f6522.exe 
cmd.exe /C "cd . && "C:\Program Files\Microsoft Visual Studio\2022\Community\Common7\IDE\CommonExtensions\Microsoft\CMake\CMake\bin\cmake.exe" -E vs_link_exe --intdir=CMakeFiles\cmTC_f6522.dir --rc=C:\PROGRA~2\WI3CF2~1\10\bin\100220~1.0\x64\rc.exe --mt=C:\PROGRA~2\WI3CF2~1\10\bin\100220~1.0\x64\mt.exe --manifests  -- C:\PROGRA~1\MIB055~1\2022\COMMUN~1\VC\Tools\MSVC\1435~1.322\bin\Hostx64\x64\link.exe /nologo CMakeFiles\cmTC_f6522.dir\CheckFunctionExists.c.obj  /out:cmTC_f6522.exe /implib:cmTC_f6522.lib /pdb:cmTC_f6522.pdb /version:0.0 /machine:x64  /debug /INCREMENTAL /subsystem:console  pthread.lib  kernel32.lib user32.lib gdi32.lib winspool.lib shell32.lib ole32.lib oleaut32.lib uuid.lib comdlg32.lib advapi32.lib && cd ."
LINK Pass 1: command "C:\PROGRA~1\MIB055~1\2022\COMMUN~1\VC\Tools\MSVC\1435~1.322\bin\Hostx64\x64\link.exe /nologo CMakeFiles\cmTC_f6522.dir\CheckFunctionExists.c.obj /out:cmTC_f6522.exe /implib:cmTC_f6522.lib /pdb:cmTC_f6522.pdb /version:0.0 /machine:x64 /debug /INCREMENTAL /subsystem:console pthread.lib kernel32.lib user32.lib gdi32.lib winspool.lib shell32.lib ole32.lib oleaut32.lib uuid.lib comdlg32.lib advapi32.lib /MANIFEST /MANIFESTFILE:CMakeFiles\cmTC_f6522.dir/intermediate.manifest CMakeFiles\cmTC_f6522.dir/manifest.res" failed (exit code 1104) with the following output:
LINK : fatal error LNK1104: cannot open file 'pthread.lib'
ninja: build stopped: subcommand failed.



Performing C++ SOURCE FILE Test has_std_14_flag failed with the following output:
Change Dir: C:/Users/Håkon/source/repos/Grafikk prosjekt/TDT4230-Assignment-1/out/build/x64-Debug/CMakeFiles/CMakeScratch/TryCompile-opt8q0

Run Build Command(s):C:/Program Files/Microsoft Visual Studio/2022/Community/Common7/IDE/CommonExtensions/Microsoft/CMake/Ninja/ninja.exe cmTC_a9151 && [1/2] Building CXX object CMakeFiles\cmTC_a9151.dir\src.cxx.obj
cl : Command line warning D9025 : overriding '/W3' with '/W4'
cl : Command line warning D9002 : ignoring unknown option '-std=c++14'
[2/2] Linking CXX executable cmTC_a9151.exe


Source file was:
int main() { return 0; }

Performing C++ SOURCE FILE Test has_std_1y_flag failed with the following output:
Change Dir: C:/Users/Håkon/source/repos/Grafikk prosjekt/TDT4230-Assignment-1/out/build/x64-Debug/CMakeFiles/CMakeScratch/TryCompile-wtb822

Run Build Command(s):C:/Program Files/Microsoft Visual Studio/2022/Community/Common7/IDE/CommonExtensions/Microsoft/CMake/Ninja/ninja.exe cmTC_e082f && [1/2] Building CXX object CMakeFiles\cmTC_e082f.dir\src.cxx.obj
cl : Command line warning D9025 : overriding '/W3' with '/W4'
cl : Command line warning D9002 : ignoring unknown option '-std=c++1y'
[2/2] Linking CXX executable cmTC_e082f.exe


Source file was:
int main() { return 0; }

